\BOOKMARK [0][-]{chapter.1}{Pr\351sentation du langage}{}% 1
\BOOKMARK [1][-]{section.1.1}{Qu'est-ce que le Java ?}{chapter.1}% 2
\BOOKMARK [1][-]{section.1.2}{Les outils}{chapter.1}% 3
\BOOKMARK [1][-]{section.1.3}{R\351f\351rences}{chapter.1}% 4
\BOOKMARK [0][-]{chapter.2}{Les \351l\351ments du langage}{}% 5
\BOOKMARK [1][-]{section.2.1}{Les types primitifs}{chapter.2}% 6
\BOOKMARK [1][-]{section.2.2}{Les variables}{chapter.2}% 7
\BOOKMARK [1][-]{section.2.3}{Expressions}{chapter.2}% 8
\BOOKMARK [1][-]{section.2.4}{Les m\351thodes}{chapter.2}% 9
\BOOKMARK [1][-]{section.2.5}{Les structures de contr\364le}{chapter.2}% 10
\BOOKMARK [2][-]{subsection.2.5.1}{Si \(if\)}{section.2.5}% 11
\BOOKMARK [2][-]{subsection.2.5.2}{Tant que \(|while|\)}{section.2.5}% 12
\BOOKMARK [2][-]{subsection.2.5.3}{Pour \(|for|\)}{section.2.5}% 13
\BOOKMARK [2][-]{subsection.2.5.4}{Tests en s\351rie \(|switch|\)}{section.2.5}% 14
\BOOKMARK [2][-]{subsection.2.5.5}{\311l\351ments suppl\351mentaires des structures de contr\364le}{section.2.5}% 15
\BOOKMARK [1][-]{section.2.6}{Entr\351es / Sorties}{chapter.2}% 16
\BOOKMARK [1][-]{section.2.7}{Les commentaires}{chapter.2}% 17
\BOOKMARK [1][-]{section.2.8}{Les tableaux}{chapter.2}% 18
\BOOKMARK [2][-]{subsection.2.8.1}{Tableaux \340 une dimension}{section.2.8}% 19
\BOOKMARK [2][-]{subsection.2.8.2}{Tableaux multidimensionnels}{section.2.8}% 20
\BOOKMARK [1][-]{section.2.9}{Programme principal}{chapter.2}% 21
\BOOKMARK [2][-]{subsection.2.9.1}{Code minimal}{section.2.9}% 22
\BOOKMARK [2][-]{subsection.2.9.2}{Compilation}{section.2.9}% 23
\BOOKMARK [0][-]{chapter.3}{Le mod\350le objet}{}% 24
\BOOKMARK [1][-]{section.3.1}{Les classes}{chapter.3}% 25
\BOOKMARK [2][-]{subsection.3.1.1}{Fonctionnement et structure}{section.3.1}% 26
\BOOKMARK [2][-]{subsection.3.1.2}{Les constructeurs}{section.3.1}% 27
\BOOKMARK [2][-]{subsection.3.1.3}{Constructeur par recopie}{section.3.1}% 28
\BOOKMARK [1][-]{section.3.2}{Packages}{chapter.3}% 29
\BOOKMARK [1][-]{section.3.3}{Acc\350s aux membres}{chapter.3}% 30
\BOOKMARK [2][-]{subsection.3.3.1}{Getters et setters}{section.3.3}% 31
\BOOKMARK [2][-]{subsection.3.3.2}{Encapsulation}{section.3.3}% 32
\BOOKMARK [2][-]{subsection.3.3.3}{Identit\351}{section.3.3}% 33
\BOOKMARK [1][-]{section.3.4}{|static|}{chapter.3}% 34
\BOOKMARK [1][-]{section.3.5}{H\351ritage}{chapter.3}% 35
\BOOKMARK [2][-]{subsection.3.5.1}{Principe}{section.3.5}% 36
\BOOKMARK [2][-]{subsection.3.5.2}{Surcharge}{section.3.5}% 37
\BOOKMARK [0][-]{appendix.A}{Pages bonus !}{}% 38
\BOOKMARK [1][-]{section.A.1}{Formules math\351matiques}{appendix.A}% 39
\BOOKMARK [1][-]{section.A.2}{Graphiques}{appendix.A}% 40
\BOOKMARK [1][-]{section.A.3}{Unit\351s}{appendix.A}% 41
\BOOKMARK [1][-]{section.A.4}{Tableau de nombres}{appendix.A}% 42
